[0m03:00:11.359777 [debug] [MainThread]: Sending event: {'category': 'dbt', 'action': 'invocation', 'label': 'start', 'context': [<snowplow_tracker.self_describing_json.SelfDescribingJson object at 0x000002487322DFD0>, <snowplow_tracker.self_describing_json.SelfDescribingJson object at 0x000002487083A490>, <snowplow_tracker.self_describing_json.SelfDescribingJson object at 0x00000248742F16D0>]}


============================== 03:00:11.363315 | 13a13b29-a14f-46bf-a9da-58c0f4a95477 ==============================
[0m03:00:11.363315 [info ] [MainThread]: Running with dbt=1.9.4
[0m03:00:11.363896 [debug] [MainThread]: running dbt with arguments {'printer_width': '80', 'indirect_selection': 'eager', 'log_cache_events': 'False', 'write_json': 'True', 'partial_parse': 'True', 'cache_selected_only': 'False', 'profiles_dir': 'C:\\Users\\User\\.dbt', 'version_check': 'True', 'debug': 'False', 'log_path': 'D:\\projetos\\DBT_Spark\\dbt_spark_project\\logs', 'fail_fast': 'False', 'warn_error': 'None', 'use_colors': 'True', 'use_experimental_parser': 'False', 'empty': 'None', 'quiet': 'False', 'no_print': 'None', 'warn_error_options': 'WarnErrorOptions(include=[], exclude=[])', 'invocation_command': 'dbt debug', 'introspect': 'True', 'static_parser': 'True', 'target_path': 'None', 'log_format': 'default', 'send_anonymous_usage_stats': 'True'}
[0m03:00:11.389030 [info ] [MainThread]: dbt version: 1.9.4
[0m03:00:11.389516 [info ] [MainThread]: python version: 3.13.3
[0m03:00:11.389897 [info ] [MainThread]: python path: D:\projetos\DBT_Spark\.venv\Scripts\python.exe
[0m03:00:11.390255 [info ] [MainThread]: os info: Windows-10-10.0.19045-SP0
[0m03:00:11.452773 [debug] [MainThread]: Spark adapter: Setting pyhive.hive logging to ERROR
[0m03:00:11.453174 [debug] [MainThread]: Spark adapter: Setting thrift.transport logging to ERROR
[0m03:00:11.453408 [debug] [MainThread]: Spark adapter: Setting thrift.protocol logging to ERROR
[0m03:00:11.475354 [info ] [MainThread]: Using profiles dir at C:\Users\User\.dbt
[0m03:00:11.475856 [info ] [MainThread]: Using profiles.yml file at C:\Users\User\.dbt\profiles.yml
[0m03:00:11.476246 [info ] [MainThread]: Using dbt_project.yml file at D:\projetos\DBT_Spark\dbt_spark_project\dbt_project.yml
[0m03:00:11.547783 [info ] [MainThread]: Configuration:
[0m03:00:11.548301 [info ] [MainThread]:   profiles.yml file [[31mERROR invalid[0m]
[0m03:00:11.548705 [info ] [MainThread]:   dbt_project.yml file [[32mOK found and valid[0m]
[0m03:00:11.549114 [info ] [MainThread]: Required dependencies:
[0m03:00:11.549480 [debug] [MainThread]: Executing "git --help"
[0m03:00:11.573412 [debug] [MainThread]: STDOUT: "b"usage: git [-v | --version] [-h | --help] [-C <path>] [-c <name>=<value>]\n           [--exec-path[=<path>]] [--html-path] [--man-path] [--info-path]\n           [-p | --paginate | -P | --no-pager] [--no-replace-objects] [--no-lazy-fetch]\n           [--no-optional-locks] [--no-advice] [--bare] [--git-dir=<path>]\n           [--work-tree=<path>] [--namespace=<name>] [--config-env=<name>=<envvar>]\n           <command> [<args>]\n\nThese are common Git commands used in various situations:\n\nstart a working area (see also: git help tutorial)\n   clone      Clone a repository into a new directory\n   init       Create an empty Git repository or reinitialize an existing one\n\nwork on the current change (see also: git help everyday)\n   add        Add file contents to the index\n   mv         Move or rename a file, a directory, or a symlink\n   restore    Restore working tree files\n   rm         Remove files from the working tree and from the index\n\nexamine the history and state (see also: git help revisions)\n   bisect     Use binary search to find the commit that introduced a bug\n   diff       Show changes between commits, commit and working tree, etc\n   grep       Print lines matching a pattern\n   log        Show commit logs\n   show       Show various types of objects\n   status     Show the working tree status\n\ngrow, mark and tweak your common history\n   backfill   Download missing objects in a partial clone\n   branch     List, create, or delete branches\n   commit     Record changes to the repository\n   merge      Join two or more development histories together\n   rebase     Reapply commits on top of another base tip\n   reset      Reset current HEAD to the specified state\n   switch     Switch branches\n   tag        Create, list, delete or verify a tag object signed with GPG\n\ncollaborate (see also: git help workflows)\n   fetch      Download objects and refs from another repository\n   pull       Fetch from and integrate with another repository or a local branch\n   push       Update remote refs along with associated objects\n\n'git help -a' and 'git help -g' list available subcommands and some\nconcept guides. See 'git help <command>' or 'git help <concept>'\nto read about a specific subcommand or concept.\nSee 'git help git' for an overview of the system.\n""
[0m03:00:11.573920 [debug] [MainThread]: STDERR: "b''"
[0m03:00:11.574226 [info ] [MainThread]:  - git [[32mOK found[0m]

[0m03:00:11.574657 [info ] [MainThread]: Connection test skipped since no profile was found
[0m03:00:11.575019 [info ] [MainThread]: [31m1 check failed:[0m
[0m03:00:11.575386 [info ] [MainThread]: Profile loading failed for the following reason:
Runtime Error
  Credentials in profile "dbt_spark_project", target "dev" invalid: Runtime Error
        schema: default 
        database: spark 
    On Spark, database must be omitted or have the same value as schema.


[0m03:00:11.576529 [debug] [MainThread]: Command `dbt debug` failed at 03:00:11.576416 after 0.30 seconds
[0m03:00:11.576835 [debug] [MainThread]: Sending event: {'category': 'dbt', 'action': 'invocation', 'label': 'end', 'context': [<snowplow_tracker.self_describing_json.SelfDescribingJson object at 0x00000248752DD220>, <snowplow_tracker.self_describing_json.SelfDescribingJson object at 0x00000248708E5010>, <snowplow_tracker.self_describing_json.SelfDescribingJson object at 0x00000248750E58C0>]}
[0m03:00:11.577160 [debug] [MainThread]: Flushing usage events
[0m03:00:12.204082 [debug] [MainThread]: An error was encountered while trying to flush usage events
[0m03:04:05.530966 [debug] [MainThread]: Sending event: {'category': 'dbt', 'action': 'invocation', 'label': 'start', 'context': [<snowplow_tracker.self_describing_json.SelfDescribingJson object at 0x000001EE3D03DFD0>, <snowplow_tracker.self_describing_json.SelfDescribingJson object at 0x000001EE3A54A490>, <snowplow_tracker.self_describing_json.SelfDescribingJson object at 0x000001EE3E0F56D0>]}


============================== 03:04:05.534470 | 566f4e40-5f7a-4485-a0bc-2bd6010f93e9 ==============================
[0m03:04:05.534470 [info ] [MainThread]: Running with dbt=1.9.4
[0m03:04:05.535038 [debug] [MainThread]: running dbt with arguments {'printer_width': '80', 'indirect_selection': 'eager', 'write_json': 'True', 'log_cache_events': 'False', 'partial_parse': 'True', 'cache_selected_only': 'False', 'warn_error': 'None', 'version_check': 'True', 'fail_fast': 'False', 'log_path': 'D:\\projetos\\DBT_Spark\\dbt_spark_project\\logs', 'debug': 'False', 'profiles_dir': 'C:\\Users\\User\\.dbt', 'use_colors': 'True', 'use_experimental_parser': 'False', 'empty': 'None', 'quiet': 'False', 'no_print': 'None', 'warn_error_options': 'WarnErrorOptions(include=[], exclude=[])', 'static_parser': 'True', 'log_format': 'default', 'invocation_command': 'dbt debug', 'target_path': 'None', 'introspect': 'True', 'send_anonymous_usage_stats': 'True'}
[0m03:04:05.546070 [info ] [MainThread]: dbt version: 1.9.4
[0m03:04:05.546604 [info ] [MainThread]: python version: 3.13.3
[0m03:04:05.547077 [info ] [MainThread]: python path: D:\projetos\DBT_Spark\.venv\Scripts\python.exe
[0m03:04:05.547454 [info ] [MainThread]: os info: Windows-10-10.0.19045-SP0
[0m03:04:05.610006 [debug] [MainThread]: Spark adapter: Setting pyhive.hive logging to ERROR
[0m03:04:05.610384 [debug] [MainThread]: Spark adapter: Setting thrift.transport logging to ERROR
[0m03:04:05.610613 [debug] [MainThread]: Spark adapter: Setting thrift.protocol logging to ERROR
[0m03:04:05.632842 [info ] [MainThread]: Using profiles dir at C:\Users\User\.dbt
[0m03:04:05.633356 [info ] [MainThread]: Using profiles.yml file at C:\Users\User\.dbt\profiles.yml
[0m03:04:05.633744 [info ] [MainThread]: Using dbt_project.yml file at D:\projetos\DBT_Spark\dbt_spark_project\dbt_project.yml
[0m03:04:05.706328 [info ] [MainThread]: Configuration:
[0m03:04:05.706856 [info ] [MainThread]:   profiles.yml file [[31mERROR invalid[0m]
[0m03:04:05.707262 [info ] [MainThread]:   dbt_project.yml file [[32mOK found and valid[0m]
[0m03:04:05.707634 [info ] [MainThread]: Required dependencies:
[0m03:04:05.707938 [debug] [MainThread]: Executing "git --help"
[0m03:04:05.733058 [debug] [MainThread]: STDOUT: "b"usage: git [-v | --version] [-h | --help] [-C <path>] [-c <name>=<value>]\n           [--exec-path[=<path>]] [--html-path] [--man-path] [--info-path]\n           [-p | --paginate | -P | --no-pager] [--no-replace-objects] [--no-lazy-fetch]\n           [--no-optional-locks] [--no-advice] [--bare] [--git-dir=<path>]\n           [--work-tree=<path>] [--namespace=<name>] [--config-env=<name>=<envvar>]\n           <command> [<args>]\n\nThese are common Git commands used in various situations:\n\nstart a working area (see also: git help tutorial)\n   clone      Clone a repository into a new directory\n   init       Create an empty Git repository or reinitialize an existing one\n\nwork on the current change (see also: git help everyday)\n   add        Add file contents to the index\n   mv         Move or rename a file, a directory, or a symlink\n   restore    Restore working tree files\n   rm         Remove files from the working tree and from the index\n\nexamine the history and state (see also: git help revisions)\n   bisect     Use binary search to find the commit that introduced a bug\n   diff       Show changes between commits, commit and working tree, etc\n   grep       Print lines matching a pattern\n   log        Show commit logs\n   show       Show various types of objects\n   status     Show the working tree status\n\ngrow, mark and tweak your common history\n   backfill   Download missing objects in a partial clone\n   branch     List, create, or delete branches\n   commit     Record changes to the repository\n   merge      Join two or more development histories together\n   rebase     Reapply commits on top of another base tip\n   reset      Reset current HEAD to the specified state\n   switch     Switch branches\n   tag        Create, list, delete or verify a tag object signed with GPG\n\ncollaborate (see also: git help workflows)\n   fetch      Download objects and refs from another repository\n   pull       Fetch from and integrate with another repository or a local branch\n   push       Update remote refs along with associated objects\n\n'git help -a' and 'git help -g' list available subcommands and some\nconcept guides. See 'git help <command>' or 'git help <concept>'\nto read about a specific subcommand or concept.\nSee 'git help git' for an overview of the system.\n""
[0m03:04:05.733469 [debug] [MainThread]: STDERR: "b''"
[0m03:04:05.733827 [info ] [MainThread]:  - git [[32mOK found[0m]

[0m03:04:05.734222 [info ] [MainThread]: Connection test skipped since no profile was found
[0m03:04:05.734550 [info ] [MainThread]: [31m1 check failed:[0m
[0m03:04:05.734858 [info ] [MainThread]: Profile loading failed for the following reason:
Runtime Error
  Credentials in profile "dbt_spark_project", target "dev" invalid: Runtime Error
        schema: default 
        database: spark 
    On Spark, database must be omitted or have the same value as schema.


[0m03:04:05.735898 [debug] [MainThread]: Command `dbt debug` failed at 03:04:05.735799 after 0.31 seconds
[0m03:04:05.736184 [debug] [MainThread]: Sending event: {'category': 'dbt', 'action': 'invocation', 'label': 'end', 'context': [<snowplow_tracker.self_describing_json.SelfDescribingJson object at 0x000001EE3F0E1220>, <snowplow_tracker.self_describing_json.SelfDescribingJson object at 0x000001EE3A5F5010>, <snowplow_tracker.self_describing_json.SelfDescribingJson object at 0x000001EE3EEE98C0>]}
[0m03:04:05.736554 [debug] [MainThread]: Flushing usage events
[0m03:04:06.360347 [debug] [MainThread]: An error was encountered while trying to flush usage events
[0m03:10:26.629221 [debug] [MainThread]: Sending event: {'category': 'dbt', 'action': 'invocation', 'label': 'start', 'context': [<snowplow_tracker.self_describing_json.SelfDescribingJson object at 0x000001865353DFD0>, <snowplow_tracker.self_describing_json.SelfDescribingJson object at 0x0000018650C4E490>, <snowplow_tracker.self_describing_json.SelfDescribingJson object at 0x00000186545F16D0>]}


============================== 03:10:26.632677 | 68b3e6fc-8c17-43b7-90e9-24b73dfdb5b4 ==============================
[0m03:10:26.632677 [info ] [MainThread]: Running with dbt=1.9.4
[0m03:10:26.633240 [debug] [MainThread]: running dbt with arguments {'printer_width': '80', 'indirect_selection': 'eager', 'write_json': 'True', 'log_cache_events': 'False', 'partial_parse': 'True', 'cache_selected_only': 'False', 'warn_error': 'None', 'version_check': 'True', 'fail_fast': 'False', 'log_path': 'D:\\projetos\\DBT_Spark\\dbt_spark_project\\logs', 'debug': 'False', 'profiles_dir': 'C:\\Users\\User\\.dbt', 'use_colors': 'True', 'use_experimental_parser': 'False', 'empty': 'None', 'quiet': 'False', 'no_print': 'None', 'warn_error_options': 'WarnErrorOptions(include=[], exclude=[])', 'static_parser': 'True', 'introspect': 'True', 'invocation_command': 'dbt debug', 'target_path': 'None', 'log_format': 'default', 'send_anonymous_usage_stats': 'True'}
[0m03:10:26.643869 [info ] [MainThread]: dbt version: 1.9.4
[0m03:10:26.644223 [info ] [MainThread]: python version: 3.13.3
[0m03:10:26.644635 [info ] [MainThread]: python path: D:\projetos\DBT_Spark\.venv\Scripts\python.exe
[0m03:10:26.645018 [info ] [MainThread]: os info: Windows-10-10.0.19045-SP0
[0m03:10:26.709457 [debug] [MainThread]: Spark adapter: Setting pyhive.hive logging to ERROR
[0m03:10:26.709979 [debug] [MainThread]: Spark adapter: Setting thrift.transport logging to ERROR
[0m03:10:26.710209 [debug] [MainThread]: Spark adapter: Setting thrift.protocol logging to ERROR
[0m03:10:26.734029 [info ] [MainThread]: Using profiles dir at C:\Users\User\.dbt
[0m03:10:26.734622 [info ] [MainThread]: Using profiles.yml file at C:\Users\User\.dbt\profiles.yml
[0m03:10:26.735031 [info ] [MainThread]: Using dbt_project.yml file at D:\projetos\DBT_Spark\dbt_spark_project\dbt_project.yml
[0m03:10:26.806092 [info ] [MainThread]: Configuration:
[0m03:10:26.806905 [info ] [MainThread]:   profiles.yml file [[31mERROR invalid[0m]
[0m03:10:26.807312 [info ] [MainThread]:   dbt_project.yml file [[32mOK found and valid[0m]
[0m03:10:26.807707 [info ] [MainThread]: Required dependencies:
[0m03:10:26.808104 [debug] [MainThread]: Executing "git --help"
[0m03:10:26.831693 [debug] [MainThread]: STDOUT: "b"usage: git [-v | --version] [-h | --help] [-C <path>] [-c <name>=<value>]\n           [--exec-path[=<path>]] [--html-path] [--man-path] [--info-path]\n           [-p | --paginate | -P | --no-pager] [--no-replace-objects] [--no-lazy-fetch]\n           [--no-optional-locks] [--no-advice] [--bare] [--git-dir=<path>]\n           [--work-tree=<path>] [--namespace=<name>] [--config-env=<name>=<envvar>]\n           <command> [<args>]\n\nThese are common Git commands used in various situations:\n\nstart a working area (see also: git help tutorial)\n   clone      Clone a repository into a new directory\n   init       Create an empty Git repository or reinitialize an existing one\n\nwork on the current change (see also: git help everyday)\n   add        Add file contents to the index\n   mv         Move or rename a file, a directory, or a symlink\n   restore    Restore working tree files\n   rm         Remove files from the working tree and from the index\n\nexamine the history and state (see also: git help revisions)\n   bisect     Use binary search to find the commit that introduced a bug\n   diff       Show changes between commits, commit and working tree, etc\n   grep       Print lines matching a pattern\n   log        Show commit logs\n   show       Show various types of objects\n   status     Show the working tree status\n\ngrow, mark and tweak your common history\n   backfill   Download missing objects in a partial clone\n   branch     List, create, or delete branches\n   commit     Record changes to the repository\n   merge      Join two or more development histories together\n   rebase     Reapply commits on top of another base tip\n   reset      Reset current HEAD to the specified state\n   switch     Switch branches\n   tag        Create, list, delete or verify a tag object signed with GPG\n\ncollaborate (see also: git help workflows)\n   fetch      Download objects and refs from another repository\n   pull       Fetch from and integrate with another repository or a local branch\n   push       Update remote refs along with associated objects\n\n'git help -a' and 'git help -g' list available subcommands and some\nconcept guides. See 'git help <command>' or 'git help <concept>'\nto read about a specific subcommand or concept.\nSee 'git help git' for an overview of the system.\n""
[0m03:10:26.832122 [debug] [MainThread]: STDERR: "b''"
[0m03:10:26.832422 [info ] [MainThread]:  - git [[32mOK found[0m]

[0m03:10:26.832811 [info ] [MainThread]: Connection test skipped since no profile was found
[0m03:10:26.833158 [info ] [MainThread]: [31m1 check failed:[0m
[0m03:10:26.833506 [info ] [MainThread]: Profile loading failed for the following reason:
Runtime Error
  Credentials in profile "dbt_spark_project", target "dev" invalid: Runtime Error
    session connection method requires additional dependencies. 
    Install the additional required dependencies with `pip install dbt-spark[session]`
    
    ImportError(No module named 'pyspark')


[0m03:10:26.834558 [debug] [MainThread]: Command `dbt debug` failed at 03:10:26.834457 after 0.30 seconds
[0m03:10:26.834877 [debug] [MainThread]: Sending event: {'category': 'dbt', 'action': 'invocation', 'label': 'end', 'context': [<snowplow_tracker.self_describing_json.SelfDescribingJson object at 0x00000186557DD220>, <snowplow_tracker.self_describing_json.SelfDescribingJson object at 0x0000018650CE5010>, <snowplow_tracker.self_describing_json.SelfDescribingJson object at 0x00000186553E9260>]}
[0m03:10:26.835196 [debug] [MainThread]: Flushing usage events
[0m03:10:27.462231 [debug] [MainThread]: An error was encountered while trying to flush usage events
[0m03:13:55.732135 [debug] [MainThread]: Sending event: {'category': 'dbt', 'action': 'invocation', 'label': 'start', 'context': [<snowplow_tracker.self_describing_json.SelfDescribingJson object at 0x00000167AB43DFD0>, <snowplow_tracker.self_describing_json.SelfDescribingJson object at 0x00000167A8A3A490>, <snowplow_tracker.self_describing_json.SelfDescribingJson object at 0x00000167AC4F16D0>]}


============================== 03:13:55.735702 | ce968e08-ac86-473c-b09e-b7269a02fd20 ==============================
[0m03:13:55.735702 [info ] [MainThread]: Running with dbt=1.9.4
[0m03:13:55.736271 [debug] [MainThread]: running dbt with arguments {'printer_width': '80', 'indirect_selection': 'eager', 'write_json': 'True', 'log_cache_events': 'False', 'partial_parse': 'True', 'cache_selected_only': 'False', 'profiles_dir': 'C:\\Users\\User\\.dbt', 'fail_fast': 'False', 'warn_error': 'None', 'log_path': 'D:\\projetos\\DBT_Spark\\dbt_spark_project\\logs', 'debug': 'False', 'version_check': 'True', 'use_colors': 'True', 'use_experimental_parser': 'False', 'empty': 'None', 'quiet': 'False', 'no_print': 'None', 'log_format': 'default', 'static_parser': 'True', 'warn_error_options': 'WarnErrorOptions(include=[], exclude=[])', 'invocation_command': 'dbt debug', 'target_path': 'None', 'introspect': 'True', 'send_anonymous_usage_stats': 'True'}
[0m03:13:55.747595 [info ] [MainThread]: dbt version: 1.9.4
[0m03:13:55.748023 [info ] [MainThread]: python version: 3.13.3
[0m03:13:55.748499 [info ] [MainThread]: python path: D:\projetos\DBT_Spark\.venv\Scripts\python.exe
[0m03:13:55.748871 [info ] [MainThread]: os info: Windows-10-10.0.19045-SP0
[0m03:13:55.811477 [debug] [MainThread]: Spark adapter: Setting pyhive.hive logging to ERROR
[0m03:13:55.811847 [debug] [MainThread]: Spark adapter: Setting thrift.transport logging to ERROR
[0m03:13:55.812074 [debug] [MainThread]: Spark adapter: Setting thrift.protocol logging to ERROR
[0m03:13:55.834031 [info ] [MainThread]: Using profiles dir at C:\Users\User\.dbt
[0m03:13:55.834738 [info ] [MainThread]: Using profiles.yml file at C:\Users\User\.dbt\profiles.yml
[0m03:13:55.835148 [info ] [MainThread]: Using dbt_project.yml file at D:\projetos\DBT_Spark\dbt_spark_project\dbt_project.yml
[0m03:13:55.905858 [info ] [MainThread]: Configuration:
[0m03:13:55.906661 [info ] [MainThread]:   profiles.yml file [[31mERROR invalid[0m]
[0m03:13:55.907090 [info ] [MainThread]:   dbt_project.yml file [[32mOK found and valid[0m]
[0m03:13:55.907513 [info ] [MainThread]: Required dependencies:
[0m03:13:55.907888 [debug] [MainThread]: Executing "git --help"
[0m03:13:55.931765 [debug] [MainThread]: STDOUT: "b"usage: git [-v | --version] [-h | --help] [-C <path>] [-c <name>=<value>]\n           [--exec-path[=<path>]] [--html-path] [--man-path] [--info-path]\n           [-p | --paginate | -P | --no-pager] [--no-replace-objects] [--no-lazy-fetch]\n           [--no-optional-locks] [--no-advice] [--bare] [--git-dir=<path>]\n           [--work-tree=<path>] [--namespace=<name>] [--config-env=<name>=<envvar>]\n           <command> [<args>]\n\nThese are common Git commands used in various situations:\n\nstart a working area (see also: git help tutorial)\n   clone      Clone a repository into a new directory\n   init       Create an empty Git repository or reinitialize an existing one\n\nwork on the current change (see also: git help everyday)\n   add        Add file contents to the index\n   mv         Move or rename a file, a directory, or a symlink\n   restore    Restore working tree files\n   rm         Remove files from the working tree and from the index\n\nexamine the history and state (see also: git help revisions)\n   bisect     Use binary search to find the commit that introduced a bug\n   diff       Show changes between commits, commit and working tree, etc\n   grep       Print lines matching a pattern\n   log        Show commit logs\n   show       Show various types of objects\n   status     Show the working tree status\n\ngrow, mark and tweak your common history\n   backfill   Download missing objects in a partial clone\n   branch     List, create, or delete branches\n   commit     Record changes to the repository\n   merge      Join two or more development histories together\n   rebase     Reapply commits on top of another base tip\n   reset      Reset current HEAD to the specified state\n   switch     Switch branches\n   tag        Create, list, delete or verify a tag object signed with GPG\n\ncollaborate (see also: git help workflows)\n   fetch      Download objects and refs from another repository\n   pull       Fetch from and integrate with another repository or a local branch\n   push       Update remote refs along with associated objects\n\n'git help -a' and 'git help -g' list available subcommands and some\nconcept guides. See 'git help <command>' or 'git help <concept>'\nto read about a specific subcommand or concept.\nSee 'git help git' for an overview of the system.\n""
[0m03:13:55.932215 [debug] [MainThread]: STDERR: "b''"
[0m03:13:55.932490 [info ] [MainThread]:  - git [[32mOK found[0m]

[0m03:13:55.932909 [info ] [MainThread]: Connection test skipped since no profile was found
[0m03:13:55.933261 [info ] [MainThread]: [31m1 check failed:[0m
[0m03:13:55.933561 [info ] [MainThread]: Profile loading failed for the following reason:
Runtime Error
  Credentials in profile "dbt_spark_project", target "dev" invalid: Runtime Error
    odbc connection method requires additional dependencies. 
    Install the additional required dependencies with `pip install dbt-spark[ODBC]`
    
    ImportError(No module named 'pyodbc')


[0m03:13:55.934709 [debug] [MainThread]: Command `dbt debug` failed at 03:13:55.934598 after 0.30 seconds
[0m03:13:55.935004 [debug] [MainThread]: Sending event: {'category': 'dbt', 'action': 'invocation', 'label': 'end', 'context': [<snowplow_tracker.self_describing_json.SelfDescribingJson object at 0x00000167AD4DD220>, <snowplow_tracker.self_describing_json.SelfDescribingJson object at 0x00000167A8AE5010>, <snowplow_tracker.self_describing_json.SelfDescribingJson object at 0x00000167AD2E9260>]}
[0m03:13:55.935313 [debug] [MainThread]: Flushing usage events
[0m03:13:56.578000 [debug] [MainThread]: An error was encountered while trying to flush usage events
[0m03:17:24.683505 [debug] [MainThread]: Sending event: {'category': 'dbt', 'action': 'invocation', 'label': 'start', 'context': [<snowplow_tracker.self_describing_json.SelfDescribingJson object at 0x000001BA4302DFD0>, <snowplow_tracker.self_describing_json.SelfDescribingJson object at 0x000001BA4055E490>, <snowplow_tracker.self_describing_json.SelfDescribingJson object at 0x000001BA440F56D0>]}


============================== 03:17:24.687011 | b077ebd2-ae97-47a7-97db-354e23b05c9b ==============================
[0m03:17:24.687011 [info ] [MainThread]: Running with dbt=1.9.4
[0m03:17:24.687535 [debug] [MainThread]: running dbt with arguments {'printer_width': '80', 'indirect_selection': 'eager', 'log_cache_events': 'False', 'write_json': 'True', 'partial_parse': 'True', 'cache_selected_only': 'False', 'profiles_dir': 'C:\\Users\\User\\.dbt', 'version_check': 'True', 'warn_error': 'None', 'log_path': 'D:\\projetos\\DBT_Spark\\dbt_spark_project\\logs', 'debug': 'False', 'fail_fast': 'False', 'use_colors': 'True', 'use_experimental_parser': 'False', 'empty': 'None', 'quiet': 'False', 'no_print': 'None', 'log_format': 'default', 'introspect': 'True', 'warn_error_options': 'WarnErrorOptions(include=[], exclude=[])', 'static_parser': 'True', 'target_path': 'None', 'invocation_command': 'dbt debug', 'send_anonymous_usage_stats': 'True'}
[0m03:17:24.698257 [info ] [MainThread]: dbt version: 1.9.4
[0m03:17:24.698563 [info ] [MainThread]: python version: 3.13.3
[0m03:17:24.698812 [info ] [MainThread]: python path: D:\projetos\DBT_Spark\.venv\Scripts\python.exe
[0m03:17:24.699058 [info ] [MainThread]: os info: Windows-10-10.0.19045-SP0
[0m03:17:24.760735 [debug] [MainThread]: Spark adapter: Setting pyhive.hive logging to ERROR
[0m03:17:24.761111 [debug] [MainThread]: Spark adapter: Setting thrift.transport logging to ERROR
[0m03:17:24.761333 [debug] [MainThread]: Spark adapter: Setting thrift.protocol logging to ERROR
[0m03:17:24.783146 [info ] [MainThread]: Using profiles dir at C:\Users\User\.dbt
[0m03:17:24.783838 [info ] [MainThread]: Using profiles.yml file at C:\Users\User\.dbt\profiles.yml
[0m03:17:24.784213 [info ] [MainThread]: Using dbt_project.yml file at D:\projetos\DBT_Spark\dbt_spark_project\dbt_project.yml
[0m03:17:24.856816 [info ] [MainThread]: Configuration:
[0m03:17:24.857335 [info ] [MainThread]:   profiles.yml file [[31mERROR invalid[0m]
[0m03:17:24.857720 [info ] [MainThread]:   dbt_project.yml file [[32mOK found and valid[0m]
[0m03:17:24.858040 [info ] [MainThread]: Required dependencies:
[0m03:17:24.858355 [debug] [MainThread]: Executing "git --help"
[0m03:17:24.882190 [debug] [MainThread]: STDOUT: "b"usage: git [-v | --version] [-h | --help] [-C <path>] [-c <name>=<value>]\n           [--exec-path[=<path>]] [--html-path] [--man-path] [--info-path]\n           [-p | --paginate | -P | --no-pager] [--no-replace-objects] [--no-lazy-fetch]\n           [--no-optional-locks] [--no-advice] [--bare] [--git-dir=<path>]\n           [--work-tree=<path>] [--namespace=<name>] [--config-env=<name>=<envvar>]\n           <command> [<args>]\n\nThese are common Git commands used in various situations:\n\nstart a working area (see also: git help tutorial)\n   clone      Clone a repository into a new directory\n   init       Create an empty Git repository or reinitialize an existing one\n\nwork on the current change (see also: git help everyday)\n   add        Add file contents to the index\n   mv         Move or rename a file, a directory, or a symlink\n   restore    Restore working tree files\n   rm         Remove files from the working tree and from the index\n\nexamine the history and state (see also: git help revisions)\n   bisect     Use binary search to find the commit that introduced a bug\n   diff       Show changes between commits, commit and working tree, etc\n   grep       Print lines matching a pattern\n   log        Show commit logs\n   show       Show various types of objects\n   status     Show the working tree status\n\ngrow, mark and tweak your common history\n   backfill   Download missing objects in a partial clone\n   branch     List, create, or delete branches\n   commit     Record changes to the repository\n   merge      Join two or more development histories together\n   rebase     Reapply commits on top of another base tip\n   reset      Reset current HEAD to the specified state\n   switch     Switch branches\n   tag        Create, list, delete or verify a tag object signed with GPG\n\ncollaborate (see also: git help workflows)\n   fetch      Download objects and refs from another repository\n   pull       Fetch from and integrate with another repository or a local branch\n   push       Update remote refs along with associated objects\n\n'git help -a' and 'git help -g' list available subcommands and some\nconcept guides. See 'git help <command>' or 'git help <concept>'\nto read about a specific subcommand or concept.\nSee 'git help git' for an overview of the system.\n""
[0m03:17:24.882622 [debug] [MainThread]: STDERR: "b''"
[0m03:17:24.882883 [info ] [MainThread]:  - git [[32mOK found[0m]

[0m03:17:24.883271 [info ] [MainThread]: Connection test skipped since no profile was found
[0m03:17:24.883554 [info ] [MainThread]: [31m1 check failed:[0m
[0m03:17:24.883822 [info ] [MainThread]: Profile loading failed for the following reason:
Runtime Error
  Credentials in profile "dbt_spark_project", target "dev" invalid: Runtime Error
    odbc connection method requires additional dependencies. 
    Install the additional required dependencies with `pip install dbt-spark[ODBC]`
    
    ImportError(No module named 'pyodbc')


[0m03:17:24.884823 [debug] [MainThread]: Command `dbt debug` failed at 03:17:24.884719 after 0.27 seconds
[0m03:17:24.885125 [debug] [MainThread]: Sending event: {'category': 'dbt', 'action': 'invocation', 'label': 'end', 'context': [<snowplow_tracker.self_describing_json.SelfDescribingJson object at 0x000001BA450DD220>, <snowplow_tracker.self_describing_json.SelfDescribingJson object at 0x000001BA405F5010>, <snowplow_tracker.self_describing_json.SelfDescribingJson object at 0x000001BA44EE9260>]}
[0m03:17:24.885448 [debug] [MainThread]: Flushing usage events
[0m03:17:25.470284 [debug] [MainThread]: An error was encountered while trying to flush usage events
[0m03:19:55.832788 [debug] [MainThread]: Sending event: {'category': 'dbt', 'action': 'invocation', 'label': 'start', 'context': [<snowplow_tracker.self_describing_json.SelfDescribingJson object at 0x0000018A9B24DFD0>, <snowplow_tracker.self_describing_json.SelfDescribingJson object at 0x0000018A98A3A490>, <snowplow_tracker.self_describing_json.SelfDescribingJson object at 0x0000018A9C3F56D0>]}


============================== 03:19:55.836426 | 58bc60af-8d87-4a8c-8d9d-7f948bd2e799 ==============================
[0m03:19:55.836426 [info ] [MainThread]: Running with dbt=1.9.4
[0m03:19:55.836991 [debug] [MainThread]: running dbt with arguments {'printer_width': '80', 'indirect_selection': 'eager', 'write_json': 'True', 'log_cache_events': 'False', 'partial_parse': 'True', 'cache_selected_only': 'False', 'profiles_dir': 'C:\\Users\\User\\.dbt', 'debug': 'False', 'fail_fast': 'False', 'log_path': 'D:\\projetos\\DBT_Spark\\dbt_spark_project\\logs', 'warn_error': 'None', 'version_check': 'True', 'use_colors': 'True', 'use_experimental_parser': 'False', 'no_print': 'None', 'quiet': 'False', 'empty': 'None', 'warn_error_options': 'WarnErrorOptions(include=[], exclude=[])', 'invocation_command': 'dbt debug', 'log_format': 'default', 'introspect': 'True', 'target_path': 'None', 'static_parser': 'True', 'send_anonymous_usage_stats': 'True'}
[0m03:19:55.847838 [info ] [MainThread]: dbt version: 1.9.4
[0m03:19:55.848229 [info ] [MainThread]: python version: 3.13.3
[0m03:19:55.848694 [info ] [MainThread]: python path: D:\projetos\DBT_Spark\.venv\Scripts\python.exe
[0m03:19:55.849148 [info ] [MainThread]: os info: Windows-10-10.0.19045-SP0
[0m03:19:55.912083 [debug] [MainThread]: Spark adapter: Setting pyhive.hive logging to ERROR
[0m03:19:55.912453 [debug] [MainThread]: Spark adapter: Setting thrift.transport logging to ERROR
[0m03:19:55.912674 [debug] [MainThread]: Spark adapter: Setting thrift.protocol logging to ERROR
[0m03:19:55.934907 [info ] [MainThread]: Using profiles dir at C:\Users\User\.dbt
[0m03:19:55.935400 [info ] [MainThread]: Using profiles.yml file at C:\Users\User\.dbt\profiles.yml
[0m03:19:55.935781 [info ] [MainThread]: Using dbt_project.yml file at D:\projetos\DBT_Spark\dbt_spark_project\dbt_project.yml
[0m03:19:56.007088 [info ] [MainThread]: Configuration:
[0m03:19:56.007864 [info ] [MainThread]:   profiles.yml file [[31mERROR invalid[0m]
[0m03:19:56.008278 [info ] [MainThread]:   dbt_project.yml file [[32mOK found and valid[0m]
[0m03:19:56.008618 [info ] [MainThread]: Required dependencies:
[0m03:19:56.008960 [debug] [MainThread]: Executing "git --help"
[0m03:19:56.033437 [debug] [MainThread]: STDOUT: "b"usage: git [-v | --version] [-h | --help] [-C <path>] [-c <name>=<value>]\n           [--exec-path[=<path>]] [--html-path] [--man-path] [--info-path]\n           [-p | --paginate | -P | --no-pager] [--no-replace-objects] [--no-lazy-fetch]\n           [--no-optional-locks] [--no-advice] [--bare] [--git-dir=<path>]\n           [--work-tree=<path>] [--namespace=<name>] [--config-env=<name>=<envvar>]\n           <command> [<args>]\n\nThese are common Git commands used in various situations:\n\nstart a working area (see also: git help tutorial)\n   clone      Clone a repository into a new directory\n   init       Create an empty Git repository or reinitialize an existing one\n\nwork on the current change (see also: git help everyday)\n   add        Add file contents to the index\n   mv         Move or rename a file, a directory, or a symlink\n   restore    Restore working tree files\n   rm         Remove files from the working tree and from the index\n\nexamine the history and state (see also: git help revisions)\n   bisect     Use binary search to find the commit that introduced a bug\n   diff       Show changes between commits, commit and working tree, etc\n   grep       Print lines matching a pattern\n   log        Show commit logs\n   show       Show various types of objects\n   status     Show the working tree status\n\ngrow, mark and tweak your common history\n   backfill   Download missing objects in a partial clone\n   branch     List, create, or delete branches\n   commit     Record changes to the repository\n   merge      Join two or more development histories together\n   rebase     Reapply commits on top of another base tip\n   reset      Reset current HEAD to the specified state\n   switch     Switch branches\n   tag        Create, list, delete or verify a tag object signed with GPG\n\ncollaborate (see also: git help workflows)\n   fetch      Download objects and refs from another repository\n   pull       Fetch from and integrate with another repository or a local branch\n   push       Update remote refs along with associated objects\n\n'git help -a' and 'git help -g' list available subcommands and some\nconcept guides. See 'git help <command>' or 'git help <concept>'\nto read about a specific subcommand or concept.\nSee 'git help git' for an overview of the system.\n""
[0m03:19:56.033831 [debug] [MainThread]: STDERR: "b''"
[0m03:19:56.034091 [info ] [MainThread]:  - git [[32mOK found[0m]

[0m03:19:56.034540 [info ] [MainThread]: Connection test skipped since no profile was found
[0m03:19:56.034912 [info ] [MainThread]: [31m1 check failed:[0m
[0m03:19:56.035316 [info ] [MainThread]: Profile loading failed for the following reason:
Runtime Error
  Credentials in profile "dbt_spark_project", target "dev" invalid: Runtime Error
    odbc connection method requires additional dependencies. 
    Install the additional required dependencies with `pip install dbt-spark[ODBC]`
    
    ImportError(No module named 'pyodbc')


[0m03:19:56.036506 [debug] [MainThread]: Command `dbt debug` failed at 03:19:56.036403 after 0.28 seconds
[0m03:19:56.036793 [debug] [MainThread]: Sending event: {'category': 'dbt', 'action': 'invocation', 'label': 'end', 'context': [<snowplow_tracker.self_describing_json.SelfDescribingJson object at 0x0000018A9D5DD220>, <snowplow_tracker.self_describing_json.SelfDescribingJson object at 0x0000018A98AE5010>, <snowplow_tracker.self_describing_json.SelfDescribingJson object at 0x0000018A9D1E5260>]}
[0m03:19:56.037107 [debug] [MainThread]: Flushing usage events
[0m03:19:56.668741 [debug] [MainThread]: An error was encountered while trying to flush usage events
[0m03:20:21.536395 [debug] [MainThread]: Sending event: {'category': 'dbt', 'action': 'invocation', 'label': 'start', 'context': [<snowplow_tracker.self_describing_json.SelfDescribingJson object at 0x0000022392339FD0>, <snowplow_tracker.self_describing_json.SelfDescribingJson object at 0x000002238FB56490>, <snowplow_tracker.self_describing_json.SelfDescribingJson object at 0x00000223935F56D0>]}


============================== 03:20:21.539909 | 048eeb9d-5e3f-4c30-a4fc-4433ed40a4d2 ==============================
[0m03:20:21.539909 [info ] [MainThread]: Running with dbt=1.9.4
[0m03:20:21.540473 [debug] [MainThread]: running dbt with arguments {'printer_width': '80', 'indirect_selection': 'eager', 'write_json': 'True', 'log_cache_events': 'False', 'partial_parse': 'True', 'cache_selected_only': 'False', 'profiles_dir': 'C:\\Users\\User\\.dbt', 'debug': 'False', 'warn_error': 'None', 'log_path': 'D:\\projetos\\DBT_Spark\\dbt_spark_project\\logs', 'version_check': 'True', 'fail_fast': 'False', 'use_colors': 'True', 'use_experimental_parser': 'False', 'no_print': 'None', 'quiet': 'False', 'empty': 'None', 'log_format': 'default', 'static_parser': 'True', 'invocation_command': 'dbt debug', 'introspect': 'True', 'target_path': 'None', 'warn_error_options': 'WarnErrorOptions(include=[], exclude=[])', 'send_anonymous_usage_stats': 'True'}
[0m03:20:21.551570 [info ] [MainThread]: dbt version: 1.9.4
[0m03:20:21.551982 [info ] [MainThread]: python version: 3.13.3
[0m03:20:21.552278 [info ] [MainThread]: python path: D:\projetos\DBT_Spark\.venv\Scripts\python.exe
[0m03:20:21.552589 [info ] [MainThread]: os info: Windows-10-10.0.19045-SP0
[0m03:20:21.614635 [debug] [MainThread]: Spark adapter: Setting pyhive.hive logging to ERROR
[0m03:20:21.615006 [debug] [MainThread]: Spark adapter: Setting thrift.transport logging to ERROR
[0m03:20:21.615229 [debug] [MainThread]: Spark adapter: Setting thrift.protocol logging to ERROR
[0m03:20:21.636884 [info ] [MainThread]: Using profiles dir at C:\Users\User\.dbt
[0m03:20:21.637808 [info ] [MainThread]: Using profiles.yml file at C:\Users\User\.dbt\profiles.yml
[0m03:20:21.638222 [info ] [MainThread]: Using dbt_project.yml file at D:\projetos\DBT_Spark\dbt_spark_project\dbt_project.yml
[0m03:20:21.709243 [info ] [MainThread]: Configuration:
[0m03:20:21.709770 [info ] [MainThread]:   profiles.yml file [[31mERROR invalid[0m]
[0m03:20:21.710186 [info ] [MainThread]:   dbt_project.yml file [[32mOK found and valid[0m]
[0m03:20:21.710564 [info ] [MainThread]: Required dependencies:
[0m03:20:21.710906 [debug] [MainThread]: Executing "git --help"
[0m03:20:21.734451 [debug] [MainThread]: STDOUT: "b"usage: git [-v | --version] [-h | --help] [-C <path>] [-c <name>=<value>]\n           [--exec-path[=<path>]] [--html-path] [--man-path] [--info-path]\n           [-p | --paginate | -P | --no-pager] [--no-replace-objects] [--no-lazy-fetch]\n           [--no-optional-locks] [--no-advice] [--bare] [--git-dir=<path>]\n           [--work-tree=<path>] [--namespace=<name>] [--config-env=<name>=<envvar>]\n           <command> [<args>]\n\nThese are common Git commands used in various situations:\n\nstart a working area (see also: git help tutorial)\n   clone      Clone a repository into a new directory\n   init       Create an empty Git repository or reinitialize an existing one\n\nwork on the current change (see also: git help everyday)\n   add        Add file contents to the index\n   mv         Move or rename a file, a directory, or a symlink\n   restore    Restore working tree files\n   rm         Remove files from the working tree and from the index\n\nexamine the history and state (see also: git help revisions)\n   bisect     Use binary search to find the commit that introduced a bug\n   diff       Show changes between commits, commit and working tree, etc\n   grep       Print lines matching a pattern\n   log        Show commit logs\n   show       Show various types of objects\n   status     Show the working tree status\n\ngrow, mark and tweak your common history\n   backfill   Download missing objects in a partial clone\n   branch     List, create, or delete branches\n   commit     Record changes to the repository\n   merge      Join two or more development histories together\n   rebase     Reapply commits on top of another base tip\n   reset      Reset current HEAD to the specified state\n   switch     Switch branches\n   tag        Create, list, delete or verify a tag object signed with GPG\n\ncollaborate (see also: git help workflows)\n   fetch      Download objects and refs from another repository\n   pull       Fetch from and integrate with another repository or a local branch\n   push       Update remote refs along with associated objects\n\n'git help -a' and 'git help -g' list available subcommands and some\nconcept guides. See 'git help <command>' or 'git help <concept>'\nto read about a specific subcommand or concept.\nSee 'git help git' for an overview of the system.\n""
[0m03:20:21.734889 [debug] [MainThread]: STDERR: "b''"
[0m03:20:21.735219 [info ] [MainThread]:  - git [[32mOK found[0m]

[0m03:20:21.735621 [info ] [MainThread]: Connection test skipped since no profile was found
[0m03:20:21.736008 [info ] [MainThread]: [31m1 check failed:[0m
[0m03:20:21.736378 [info ] [MainThread]: Profile loading failed for the following reason:
Runtime Error
  Credentials in profile "dbt_spark_project", target "dev" invalid: Runtime Error
    http connection method requires additional dependencies. 
    Install the additional required dependencies with `pip install dbt-spark[PyHive]`


[0m03:20:21.737369 [debug] [MainThread]: Command `dbt debug` failed at 03:20:21.737272 after 0.27 seconds
[0m03:20:21.737665 [debug] [MainThread]: Sending event: {'category': 'dbt', 'action': 'invocation', 'label': 'end', 'context': [<snowplow_tracker.self_describing_json.SelfDescribingJson object at 0x00000223945E1220>, <snowplow_tracker.self_describing_json.SelfDescribingJson object at 0x000002239446DEB0>, <snowplow_tracker.self_describing_json.SelfDescribingJson object at 0x00000223943E5260>]}
[0m03:20:21.738008 [debug] [MainThread]: Flushing usage events
[0m03:20:22.318166 [debug] [MainThread]: An error was encountered while trying to flush usage events
[0m20:04:40.707107 [debug] [MainThread]: Sending event: {'category': 'dbt', 'action': 'invocation', 'label': 'start', 'context': [<snowplow_tracker.self_describing_json.SelfDescribingJson object at 0x000001FF43A623C0>, <snowplow_tracker.self_describing_json.SelfDescribingJson object at 0x000001FF44FF3390>, <snowplow_tracker.self_describing_json.SelfDescribingJson object at 0x000001FF44FF34D0>]}


============================== 20:04:40.711725 | 56fbf52e-5330-4a25-94b1-a04b5e05f531 ==============================
[0m20:04:40.711725 [info ] [MainThread]: Running with dbt=1.9.4
[0m20:04:40.712266 [debug] [MainThread]: running dbt with arguments {'printer_width': '80', 'indirect_selection': 'eager', 'log_cache_events': 'False', 'write_json': 'True', 'partial_parse': 'True', 'cache_selected_only': 'False', 'warn_error': 'None', 'version_check': 'True', 'fail_fast': 'False', 'log_path': 'd:\\projetos\\DBT_Spark\\dbt_spark_project\\logs', 'debug': 'False', 'profiles_dir': 'C:\\Users\\User\\.dbt', 'use_colors': 'True', 'use_experimental_parser': 'False', 'no_print': 'None', 'quiet': 'False', 'empty': 'None', 'warn_error_options': 'WarnErrorOptions(include=[], exclude=[])', 'invocation_command': 'dbt ', 'static_parser': 'True', 'log_format': 'default', 'target_path': 'None', 'introspect': 'True', 'send_anonymous_usage_stats': 'True'}
[0m20:04:40.812568 [debug] [MainThread]: Sending event: {'category': 'dbt', 'action': 'project_id', 'label': '56fbf52e-5330-4a25-94b1-a04b5e05f531', 'context': [<snowplow_tracker.self_describing_json.SelfDescribingJson object at 0x000001FF43EA6B10>]}
[0m20:04:40.886074 [info ] [MainThread]: Warning: No packages were found in packages.yml
[0m20:04:40.886856 [info ] [MainThread]: Warning: No packages were found in packages.yml
[0m20:04:40.887765 [debug] [MainThread]: Command `cli deps` succeeded at 20:04:40.887651 after 0.26 seconds
[0m20:04:40.888057 [debug] [MainThread]: Sending event: {'category': 'dbt', 'action': 'invocation', 'label': 'end', 'context': [<snowplow_tracker.self_describing_json.SelfDescribingJson object at 0x000001FF45087BD0>, <snowplow_tracker.self_describing_json.SelfDescribingJson object at 0x000001FF45087020>, <snowplow_tracker.self_describing_json.SelfDescribingJson object at 0x000001FF45478D50>]}
[0m20:04:40.888347 [debug] [MainThread]: Flushing usage events
[0m20:04:41.546013 [debug] [MainThread]: An error was encountered while trying to flush usage events
